nohup: ignoring input

[STEP 1] Loading data...
Data shape: (255780, 23)

[STEP 2] Cleaning data...

[STEP 3] Feature engineering...

[STEP 4] Building preprocessing pipeline...

[STEP 5] Starting training pipeline...

[STEP 5] Splitting data into train and test sets...
[STEP 6] Training models...

--------------------------------------------------
Training model: LinearRegression
Fitting model...
Evaluating model...
LinearRegression | RMSE: 50.33 | MAE: 39.18 | R2: 0.512
Model saved to models/LinearRegression.joblib
--------------------------------------------------
Training model: RidgeRegression
Fitting model...
Evaluating model...
RidgeRegression | RMSE: 52.71 | MAE: 41.24 | R2: 0.464
Model saved to models/RidgeRegression.joblib
--------------------------------------------------
Training model: RandomForest
Fitting model...
